nohup: ignoring input

PLAY [Cleanup Docker environment and data] *************************************

TASK [Gathering Facts] *********************************************************
fatal: [SIGNAL]: UNREACHABLE! => {"changed": false, "msg": "Failed to connect to the host via ssh: ssh: Could not resolve hostname signal.infra.p2.fledger.dcog: Name or service not known", "unreachable": true}
fatal: [node-0]: UNREACHABLE! => {"changed": false, "msg": "Failed to connect to the host via ssh: ssh: Could not resolve hostname node-0.infra.p2.fledger.dcog: Name or service not known", "unreachable": true}
fatal: [node-6]: UNREACHABLE! => {"changed": false, "msg": "Failed to connect to the host via ssh: ssh: Could not resolve hostname node-6.infra.p2.fledger.dcog: Name or service not known", "unreachable": true}
fatal: [node-3]: UNREACHABLE! => {"changed": false, "msg": "Failed to connect to the host via ssh: ssh: Could not resolve hostname node-3.infra.p2.fledger.dcog: Name or service not known", "unreachable": true}
fatal: [node-7]: UNREACHABLE! => {"changed": false, "msg": "Failed to connect to the host via ssh: ssh: Could not resolve hostname node-7.infra.p2.fledger.dcog: Name or service not known", "unreachable": true}
fatal: [node-1]: UNREACHABLE! => {"changed": false, "msg": "Failed to connect to the host via ssh: ssh: Could not resolve hostname node-1.infra.p2.fledger.dcog: Name or service not known", "unreachable": true}
fatal: [node-5]: UNREACHABLE! => {"changed": false, "msg": "Failed to connect to the host via ssh: ssh: Could not resolve hostname node-5.infra.p2.fledger.dcog: Name or service not known", "unreachable": true}
fatal: [node-2]: UNREACHABLE! => {"changed": false, "msg": "Failed to connect to the host via ssh: ssh: Could not resolve hostname node-2.infra.p2.fledger.dcog: Name or service not known", "unreachable": true}
fatal: [node-4]: UNREACHABLE! => {"changed": false, "msg": "Failed to connect to the host via ssh: ssh: Could not resolve hostname node-4.infra.p2.fledger.dcog: Name or service not known", "unreachable": true}

PLAY RECAP *********************************************************************
SIGNAL                     : ok=0    changed=0    unreachable=1    failed=0    skipped=0    rescued=0    ignored=0   
node-0                     : ok=0    changed=0    unreachable=1    failed=0    skipped=0    rescued=0    ignored=0   
node-1                     : ok=0    changed=0    unreachable=1    failed=0    skipped=0    rescued=0    ignored=0   
node-2                     : ok=0    changed=0    unreachable=1    failed=0    skipped=0    rescued=0    ignored=0   
node-3                     : ok=0    changed=0    unreachable=1    failed=0    skipped=0    rescued=0    ignored=0   
node-4                     : ok=0    changed=0    unreachable=1    failed=0    skipped=0    rescued=0    ignored=0   
node-5                     : ok=0    changed=0    unreachable=1    failed=0    skipped=0    rescued=0    ignored=0   
node-6                     : ok=0    changed=0    unreachable=1    failed=0    skipped=0    rescued=0    ignored=0   
node-7                     : ok=0    changed=0    unreachable=1    failed=0    skipped=0    rescued=0    ignored=0   

